<?xml version="1.0" encoding="UTF-8"?>
<!-- Generated by org.testng.reporters.JUnitXMLReporter -->
<testsuite ignored="0" hostname="DESKTOP-GT0LFB9" failures="0" tests="14" name="IPPB Test" time="263.798" errors="0" timestamp="29 Apr 2025 12:28:33 GMT">
  <testcase classname="Test_Suit.SmokeTestSuite" name="EnableIPPBConfigs" time="24.681"/>
  <testcase classname="Test_Suit.SmokeTestSuite" name="AddGoalPlan" time="16.842"/>
  <testcase classname="Test_Suit.SmokeTestSuite" name="AddPMSCycle" time="16.196"/>
  <testcase classname="Test_Suit.SmokeTestSuite" name="Initiate_PMSCycle" time="10.049"/>
  <testcase classname="Test_Suit.SmokeTestSuite" name="Manager_AddGoalTo_Emp" time="27.816"/>
  <testcase classname="Test_Suit.SmokeTestSuite" name="Employee_AssessmentSubmission" time="21.678"/>
  <testcase classname="Test_Suit.SmokeTestSuite" name="Manager_AssessmentSubmissionTo_Skip" time="22.685"/>
  <testcase classname="Test_Suit.SmokeTestSuite" name="Skip_Approval" time="11.601"/>
  <testcase classname="Test_Suit.SmokeTestSuite" name="OneToOneMeeting_Manager" time="8.8"/>
  <testcase classname="Test_Suit.SmokeTestSuite" name="OnToOneMeeting_Employee" time="11.313"/>
  <testcase classname="Test_Suit.SmokeTestSuite" name="Finalize_Emp_Appraisal" time="24.303"/>
  <testcase classname="Test_Suit.SmokeTestSuite" name="Remove_EmployeesFromGoalPlan" time="25.223">
    <skipped/>
  </testcase> <!-- Remove_EmployeesFromGoalPlan -->
  <testcase classname="Test_Suit.SmokeTestSuite" name="Remove_EmployeesFromGoalPlan" time="17.066"/>
  <testcase classname="Test_Suit.SmokeTestSuite" name="DeletionOf_PMSCycleAndGoalPlan" time="11.815"/>
</testsuite> <!-- IPPB Test -->
