<?xml version="1.0" encoding="UTF-8"?>
<!-- Generated by org.testng.reporters.JUnitXMLReporter -->
<testsuite ignored="0" hostname="DESKTOP-92N64IC" failures="0" tests="3" name="addGoalPla_CreatePMSCycleTest" time="86.053" errors="0" timestamp="27 Aug 2024 12:03:42 GMT">
  <testcase classname="normalFlowTest.addGoalPla_CreatePMSCycleTest" name="AddGoalPlan" time="35.597"/>
  <testcase classname="normalFlowTest.addGoalPla_CreatePMSCycleTest" name="AddPMSCycle" time="16.601"/>
  <testcase classname="normalFlowTest.addGoalPla_CreatePMSCycleTest" name="Initiate_PMSCycle" time="17.554"/>
</testsuite> <!-- addGoalPla_CreatePMSCycleTest -->
